<?xml version="1.0" encoding="UTF-8"?>
<!-- Generated by org.testng.reporters.JUnitReportReporter -->
<testsuite hostname="user-PC" failures="0" tests="4" name="testcases.User_RolePage" time="6.675" errors="0" timestamp="2024-02-14T16:38:06 IST" skipped="0">
  <testcase classname="testcases.User_RolePage" name="selectuserstatus" time="0.616"/>
  <system-out/>
  <testcase classname="testcases.User_RolePage" name="selectuserrole" time="2.108"/>
  <system-out/>
  <testcase classname="testcases.User_RolePage" name="verifyUsers" time="0.906"/>
  <system-out/>
  <testcase classname="testcases.User_RolePage" name="movetouserrole" time="3.045"/>
  <system-out/>
</testsuite> <!-- testcases.User_RolePage -->
