<?xml version="1.0" encoding="UTF-8"?>
<!-- Generated by org.testng.reporters.JUnitReportReporter -->
<testsuite hostname="user-PC" failures="0" tests="5" name="testcases.Claim_Employeeclaim_page" time="16.005" errors="0" timestamp="2024-02-19T17:10:22 IST" skipped="0">
  <testcase classname="testcases.Claim_Employeeclaim_page" name="select_refid" time="4.227"/>
  <system-out/>
  <testcase classname="testcases.Claim_Employeeclaim_page" name="movetoclaimlink" time="2.856"/>
  <system-out/>
  <testcase classname="testcases.Claim_Employeeclaim_page" name="addclaimtype" time="4.115"/>
  <system-out/>
  <testcase classname="testcases.Claim_Employeeclaim_page" name="select_Status" time="2.341"/>
  <system-out/>
  <testcase classname="testcases.Claim_Employeeclaim_page" name="view" time="2.466"/>
  <system-out/>
</testsuite> <!-- testcases.Claim_Employeeclaim_page -->
