<?xml version="1.0" encoding="UTF-8"?>
<!-- Generated by org.testng.reporters.JUnitReportReporter -->
<testsuite hostname="user-PC" failures="0" tests="4" name="testcases.Admin_User_RolePage" time="18.097" errors="0" timestamp="2024-02-19T17:10:23 IST" skipped="0">
  <testcase classname="testcases.Admin_User_RolePage" name="selectuserstatus" time="1.579"/>
  <system-out/>
  <testcase classname="testcases.Admin_User_RolePage" name="movetouserrole" time="10.508"/>
  <system-out/>
  <testcase classname="testcases.Admin_User_RolePage" name="selectuserrole" time="4.452"/>
  <system-out/>
  <testcase classname="testcases.Admin_User_RolePage" name="verifyUsers" time="1.558"/>
  <system-out/>
</testsuite> <!-- testcases.Admin_User_RolePage -->
