<?xml version="1.0" encoding="UTF-8"?>
<!-- Generated by org.testng.reporters.JUnitReportReporter -->
<testsuite hostname="user-PC" failures="0" tests="3" name="testcases.PIM_AddEmployee_Page" time="6.082" errors="0" timestamp="2024-02-19T17:10:22 IST" skipped="0">
  <testcase classname="testcases.PIM_AddEmployee_Page" name="AddEmployee" time="4.311"/>
  <system-out/>
  <testcase classname="testcases.PIM_AddEmployee_Page" name="submit" time="0.303"/>
  <system-out/>
  <testcase classname="testcases.PIM_AddEmployee_Page" name="CreateLoginDetails" time="1.468"/>
  <system-out/>
</testsuite> <!-- testcases.PIM_AddEmployee_Page -->
