<?xml version="1.0" encoding="UTF-8"?>
<!-- Generated by org.testng.reporters.JUnitReportReporter -->
<testsuite hostname="user-PC" failures="0" tests="4" name="testcases.Claim_submitclaim_page" time="25.384" errors="0" timestamp="2024-02-17T16:22:17 IST" skipped="0">
  <testcase classname="testcases.Claim_submitclaim_page" name="movetoclaimlink" time="2.012"/>
  <system-out/>
  <testcase classname="testcases.Claim_submitclaim_page" name="select_event" time="10.569"/>
  <system-out/>
  <testcase classname="testcases.Claim_submitclaim_page" name="select_currency" time="10.783"/>
  <system-out/>
  <testcase classname="testcases.Claim_submitclaim_page" name="submitclaim" time="2.020"/>
  <system-out/>
</testsuite> <!-- testcases.Claim_submitclaim_page -->
