<?xml version="1.0" encoding="UTF-8"?>
<!-- Generated by org.testng.reporters.JUnitReportReporter -->
<testsuite hostname="user-PC" failures="0" tests="6" name="testcases.Recruitment_candidates_page" time="0.001" errors="0" timestamp="2024-02-17T12:54:31 IST" skipped="6">
  <testcase classname="testcases.Recruitment_candidates_page" name="movetoCandidate" time="0.000">
    <skipped/>
  </testcase> <!-- movetoCandidate -->
  <system-out/>
  <testcase classname="testcases.Recruitment_candidates_page" name="Select_can_Vacancy" time="0.000">
    <skipped/>
  </testcase> <!-- Select_can_Vacancy -->
  <system-out/>
  <testcase classname="testcases.Recruitment_candidates_page" name="select_date" time="0.000">
    <skipped/>
  </testcase> <!-- select_date -->
  <system-out/>
  <testcase classname="testcases.Recruitment_candidates_page" name="view_row" time="0.000">
    <skipped/>
  </testcase> <!-- view_row -->
  <system-out/>
  <testcase classname="testcases.Recruitment_candidates_page" name="verify_vacancyname" time="0.001">
    <skipped/>
  </testcase> <!-- verify_vacancyname -->
  <system-out/>
  <testcase classname="testcases.Recruitment_candidates_page" name="delete_Candidatescell" time="0.000">
    <skipped/>
  </testcase> <!-- delete_Candidatescell -->
  <system-out/>
</testsuite> <!-- testcases.Recruitment_candidates_page -->
