<?xml version="1.0" encoding="UTF-8"?>
<!-- Generated by org.testng.reporters.JUnitReportReporter -->
<testsuite hostname="user-PC" failures="0" tests="1" name="testcases.LoginPage" time="11.769" errors="0" timestamp="2024-02-19T17:10:22 IST" skipped="0">
  <testcase classname="testcases.LoginPage" name="loginHRM" time="11.769"/>
  <system-out/>
</testsuite> <!-- testcases.LoginPage -->
